0 info it worked if it ends with ok
1 verbose cli [ 'C:\\Program Files\\nodejs\\node.exe',
1 verbose cli   'C:\\Program Files\\nodejs\\node_modules\\npm\\bin\\npm-cli.js',
1 verbose cli   'install',
1 verbose cli   'vue',
1 verbose cli   '1.x',
1 verbose cli   '--save',
1 verbose cli   '-dev' ]
2 info using npm@3.10.10
3 info using node@v6.11.2
4 warn install Usage of the `--dev` option is deprecated. Use `--only=dev` instead.
5 silly loadCurrentTree Starting
6 silly install loadCurrentTree
7 silly install readLocalPackageData
8 silly fetchPackageMetaData vue@^2.4.2
9 silly fetchPackageMetaData 1.x
10 silly fetchNamedPackageData vue
11 silly mapToRegistry name vue
12 silly mapToRegistry using default registry
13 silly mapToRegistry registry https://registry.npm.taobao.org/
14 silly mapToRegistry data Result {
14 silly mapToRegistry   raw: 'vue',
14 silly mapToRegistry   scope: null,
14 silly mapToRegistry   escapedName: 'vue',
14 silly mapToRegistry   name: 'vue',
14 silly mapToRegistry   rawSpec: '',
14 silly mapToRegistry   spec: 'latest',
14 silly mapToRegistry   type: 'tag' }
15 silly mapToRegistry uri https://registry.npm.taobao.org/vue
16 silly fetchNamedPackageData 1.x
17 silly mapToRegistry name 1.x
18 silly mapToRegistry using default registry
19 silly mapToRegistry registry https://registry.npm.taobao.org/
20 silly mapToRegistry data Result {
20 silly mapToRegistry   raw: '1.x',
20 silly mapToRegistry   scope: null,
20 silly mapToRegistry   escapedName: '1.x',
20 silly mapToRegistry   name: '1.x',
20 silly mapToRegistry   rawSpec: '',
20 silly mapToRegistry   spec: 'latest',
20 silly mapToRegistry   type: 'tag' }
21 silly mapToRegistry uri https://registry.npm.taobao.org/1.x
22 verbose request uri https://registry.npm.taobao.org/1.x
23 verbose request no auth needed
24 info attempt registry request try #1 at 21:18:05
25 verbose request id aae109747592c471
26 http request GET https://registry.npm.taobao.org/1.x
27 verbose request uri https://registry.npm.taobao.org/vue
28 verbose request no auth needed
29 info attempt registry request try #1 at 21:18:05
30 verbose etag "8b6d4-4FmCG/g6KO5rXERIK+S2EpBB9oY"
31 http request GET https://registry.npm.taobao.org/vue
32 http 200 https://registry.npm.taobao.org/vue
33 verbose headers { date: 'Wed, 23 Aug 2017 13:18:08 GMT',
33 verbose headers   'content-type': 'application/json; charset=utf-8',
33 verbose headers   'content-length': '571106',
33 verbose headers   connection: 'keep-alive',
33 verbose headers   'x-current-requests': '1',
33 verbose headers   etag: '"8b6e2-0m1TFXkrGj6GpWHtlSwT+XG9ns0"',
33 verbose headers   'x-readtime': '58' }
34 silly get cb [ 200,
34 silly get   { date: 'Wed, 23 Aug 2017 13:18:08 GMT',
34 silly get     'content-type': 'application/json; charset=utf-8',
34 silly get     'content-length': '571106',
34 silly get     connection: 'keep-alive',
34 silly get     'x-current-requests': '1',
34 silly get     etag: '"8b6e2-0m1TFXkrGj6GpWHtlSwT+XG9ns0"',
34 silly get     'x-readtime': '58' } ]
35 verbose get saving vue to C:\Users\eeehu\AppData\Roaming\npm-cache\registry.npm.taobao.org\vue\.cache.json
36 verbose correctMkdir C:\Users\eeehu\AppData\Roaming\npm-cache correctMkdir not in flight; initializing
37 http 404 https://registry.npm.taobao.org/1.x
38 verbose headers { 'content-type': 'application/json',
38 verbose headers   'cache-control': 'max-age=0',
38 verbose headers   'content-length': '2',
38 verbose headers   'accept-ranges': 'bytes',
38 verbose headers   date: 'Wed, 23 Aug 2017 13:18:19 GMT',
38 verbose headers   via: '1.1 varnish',
38 verbose headers   age: '0',
38 verbose headers   connection: 'keep-alive',
38 verbose headers   'x-served-by': 'cache-nrt6120-NRT',
38 verbose headers   'x-cache': 'MISS',
38 verbose headers   'x-cache-hits': '0',
38 verbose headers   'x-timer': 'S1503494299.616416,VS0,VE850',
38 verbose headers   vary: 'Accept-Encoding' }
39 silly get cb [ 404,
39 silly get   { 'content-type': 'application/json',
39 silly get     'cache-control': 'max-age=0',
39 silly get     'content-length': '2',
39 silly get     'accept-ranges': 'bytes',
39 silly get     date: 'Wed, 23 Aug 2017 13:18:19 GMT',
39 silly get     via: '1.1 varnish',
39 silly get     age: '0',
39 silly get     connection: 'keep-alive',
39 silly get     'x-served-by': 'cache-nrt6120-NRT',
39 silly get     'x-cache': 'MISS',
39 silly get     'x-cache-hits': '0',
39 silly get     'x-timer': 'S1503494299.616416,VS0,VE850',
39 silly get     vary: 'Accept-Encoding' } ]
40 silly fetchPackageMetaData Error: Registry returned 404 for GET on https://registry.npm.taobao.org/1.x
40 silly fetchPackageMetaData     at makeError (C:\Program Files\nodejs\node_modules\npm\node_modules\npm-registry-client\lib\request.js:302:12)
40 silly fetchPackageMetaData     at CachingRegistryClient.<anonymous> (C:\Program Files\nodejs\node_modules\npm\node_modules\npm-registry-client\lib\request.js:280:14)
40 silly fetchPackageMetaData     at Request._callback (C:\Program Files\nodejs\node_modules\npm\node_modules\npm-registry-client\lib\request.js:210:14)
40 silly fetchPackageMetaData     at Request.self.callback (C:\Program Files\nodejs\node_modules\npm\node_modules\request\request.js:187:22)
40 silly fetchPackageMetaData     at emitTwo (events.js:106:13)
40 silly fetchPackageMetaData     at Request.emit (events.js:191:7)
40 silly fetchPackageMetaData     at Request.<anonymous> (C:\Program Files\nodejs\node_modules\npm\node_modules\request\request.js:1048:10)
40 silly fetchPackageMetaData     at emitOne (events.js:96:13)
40 silly fetchPackageMetaData     at Request.emit (events.js:188:7)
40 silly fetchPackageMetaData     at IncomingMessage.<anonymous> (C:\Program Files\nodejs\node_modules\npm\node_modules\request\request.js:969:12)
40 silly fetchPackageMetaData  error for 1.x { Error: Registry returned 404 for GET on https://registry.npm.taobao.org/1.x
40 silly fetchPackageMetaData     at makeError (C:\Program Files\nodejs\node_modules\npm\node_modules\npm-registry-client\lib\request.js:302:12)
40 silly fetchPackageMetaData     at CachingRegistryClient.<anonymous> (C:\Program Files\nodejs\node_modules\npm\node_modules\npm-registry-client\lib\request.js:280:14)
40 silly fetchPackageMetaData     at Request._callback (C:\Program Files\nodejs\node_modules\npm\node_modules\npm-registry-client\lib\request.js:210:14)
40 silly fetchPackageMetaData     at Request.self.callback (C:\Program Files\nodejs\node_modules\npm\node_modules\request\request.js:187:22)
40 silly fetchPackageMetaData     at emitTwo (events.js:106:13)
40 silly fetchPackageMetaData     at Request.emit (events.js:191:7)
40 silly fetchPackageMetaData     at Request.<anonymous> (C:\Program Files\nodejs\node_modules\npm\node_modules\request\request.js:1048:10)
40 silly fetchPackageMetaData     at emitOne (events.js:96:13)
40 silly fetchPackageMetaData     at Request.emit (events.js:188:7)
40 silly fetchPackageMetaData     at IncomingMessage.<anonymous> (C:\Program Files\nodejs\node_modules\npm\node_modules\request\request.js:969:12) pkgid: '1.x', statusCode: 404, code: 'E404' }
41 silly rollbackFailedOptional Starting
42 silly rollbackFailedOptional Finishing
43 silly runTopLevelLifecycles Finishing
44 silly install printInstalled
45 verbose stack Error: Registry returned 404 for GET on https://registry.npm.taobao.org/1.x
45 verbose stack     at makeError (C:\Program Files\nodejs\node_modules\npm\node_modules\npm-registry-client\lib\request.js:302:12)
45 verbose stack     at CachingRegistryClient.<anonymous> (C:\Program Files\nodejs\node_modules\npm\node_modules\npm-registry-client\lib\request.js:280:14)
45 verbose stack     at Request._callback (C:\Program Files\nodejs\node_modules\npm\node_modules\npm-registry-client\lib\request.js:210:14)
45 verbose stack     at Request.self.callback (C:\Program Files\nodejs\node_modules\npm\node_modules\request\request.js:187:22)
45 verbose stack     at emitTwo (events.js:106:13)
45 verbose stack     at Request.emit (events.js:191:7)
45 verbose stack     at Request.<anonymous> (C:\Program Files\nodejs\node_modules\npm\node_modules\request\request.js:1048:10)
45 verbose stack     at emitOne (events.js:96:13)
45 verbose stack     at Request.emit (events.js:188:7)
45 verbose stack     at IncomingMessage.<anonymous> (C:\Program Files\nodejs\node_modules\npm\node_modules\request\request.js:969:12)
46 verbose statusCode 404
47 verbose pkgid 1.x
48 verbose cwd D:\MYCODESPACE\gitDemo
49 error Windows_NT 10.0.15063
50 error argv "C:\\Program Files\\nodejs\\node.exe" "C:\\Program Files\\nodejs\\node_modules\\npm\\bin\\npm-cli.js" "install" "vue" "1.x" "--save" "-dev"
51 error node v6.11.2
52 error npm  v3.10.10
53 error code E404
54 error 404 Registry returned 404 for GET on https://registry.npm.taobao.org/1.x
55 error 404
56 error 404 '1.x' is not in the npm registry.
57 error 404 You should bug the author to publish it (or use the name yourself!)
58 error 404 Note that you can also install from a
59 error 404 tarball, folder, http url, or git url.
60 verbose exit [ 1, true ]
